[2012/07/14 00:02:11] [INFO] [migo-1] GET:/ done in 2 millis
[2012/07/14 00:02:42] [INFO] [migo-1] GET:/ done in 3 millis
[2012/07/14 00:06:39] [INFO] [migo-1] GET:/ done in 361 millis
[2012/07/14 00:06:44] [INFO] [migo-1] GET:/ done in 3 millis
[2012/07/14 00:07:25] [INFO] [migo-1] GET:/ done in 3 millis
[2012/07/14 00:07:26] [INFO] [migo-1] GET:/ done in 4 millis
[2012/07/14 00:07:30] [INFO] [migo-1] POST:login done in 2 millis
[2012/07/14 00:07:30] [INFO] [migo-1] GET:/ done in 0 millis
[2012/07/14 00:07:30] [INFO] [migo-1] GET:chooseGroup done in 147 millis
[2012/07/14 00:07:31] [INFO] [migo-1] GET:groupNews done in 50 millis
[2012/07/14 00:07:33] [INFO] [migo-1] GET:groupAppointment done in 103 millis
[2012/07/14 00:07:43] [INFO] [migo-1] GET:groupCalendar done in 8 millis
[2012/07/14 00:08:01] [INFO] [migo-1] GET:logout done in 1 millis
[2012/07/14 00:08:01] [INFO] [migo-1] GET:/ done in 2 millis
[2012/07/14 00:08:06] [INFO] [migo-1] GET:/ done in 2 millis
[2012/07/14 00:08:09] [INFO] [migo-1] POST:login done in 1 millis
[2012/07/14 00:08:09] [INFO] [migo-1] GET:/ done in 1 millis
[2012/07/14 00:08:09] [INFO] [migo-1] GET:chooseGroup done in 38 millis
[2012/07/14 00:08:11] [INFO] [migo-1] GET:groupNews done in 26 millis
[2012/07/14 00:08:11] [INFO] [migo-1] GET:groupCalendar done in 12 millis
[2012/07/14 00:08:40] [INFO] [migo-1] GET:/ done in 2 millis
[2012/07/14 00:08:42] [INFO] [migo-1] POST:login done in 1 millis
[2012/07/14 00:08:42] [INFO] [migo-1] GET:/ done in 0 millis
[2012/07/14 00:08:42] [INFO] [migo-1] GET:chooseGroup done in 28 millis
[2012/07/14 00:08:44] [INFO] [migo-1] GET:groupNews done in 18 millis
[2012/07/14 00:08:45] [INFO] [migo-1] GET:groupCalendar done in 8 millis
[2012/07/14 00:08:47] [INFO] [migo-1] GET:groupAppointment done in 12 millis
[2012/07/14 00:08:49] [INFO] [migo-1] GET:groupCalendar done in 7 millis
[2012/07/14 00:09:55] [INFO] [migo-1] GET:/ done in 1 millis
[2012/07/14 00:09:56] [INFO] [migo-1] POST:login done in 0 millis
[2012/07/14 00:09:56] [INFO] [migo-1] GET:/ done in 1 millis
[2012/07/14 00:09:56] [INFO] [migo-1] GET:chooseGroup done in 17 millis
[2012/07/14 00:09:58] [INFO] [migo-1] GET:groupNews done in 10 millis
[2012/07/14 00:09:58] [INFO] [migo-1] GET:groupCalendar done in 4 millis
[2012/07/14 00:10:01] [INFO] [migo-1] GET:groupAppointment done in 13 millis
[2012/07/14 00:10:01] [INFO] [migo-1] GET:groupCalendar done in 6 millis
[2012/07/14 00:10:10] [INFO] [migo-1] GET:groupCalendar done in 5 millis
[2012/07/14 00:11:07] [INFO] [migo-1] GET:/ done in 319 millis
[2012/07/14 00:11:08] [INFO] [migo-1] POST:login done in 2 millis
[2012/07/14 00:11:08] [INFO] [migo-1] GET:/ done in 1 millis
[2012/07/14 00:11:08] [INFO] [migo-1] GET:chooseGroup done in 69 millis
[2012/07/14 00:11:10] [INFO] [migo-1] GET:groupNews done in 60 millis
[2012/07/14 00:11:11] [INFO] [migo-1] GET:groupCalendar done in 33 millis
[2012/07/14 00:11:51] [INFO] [migo-1] GET:/ done in 1 millis
[2012/07/14 00:11:51] [INFO] [migo-1] GET:chooseGroup done in 40 millis
[2012/07/14 00:11:53] [INFO] [migo-1] GET:groupNews done in 22 millis
[2012/07/14 00:11:53] [INFO] [migo-1] GET:groupCalendar done in 10 millis
[2012/07/14 00:11:56] [INFO] [migo-1] GET:logout done in 1 millis
[2012/07/14 00:11:56] [INFO] [migo-1] GET:/ done in 2 millis
[2012/07/14 00:12:02] [INFO] [migo-1] GET:/ done in 2 millis
[2012/07/14 00:12:03] [INFO] [migo-1] POST:login done in 0 millis
[2012/07/14 00:12:03] [INFO] [migo-1] GET:/ done in 1 millis
[2012/07/14 00:12:03] [INFO] [migo-1] GET:chooseGroup done in 36 millis
[2012/07/14 00:12:05] [INFO] [migo-1] GET:groupNews done in 17 millis
[2012/07/14 00:12:06] [INFO] [migo-1] GET:groupCalendar done in 9 millis
[2012/07/14 00:12:12] [INFO] [migo-1] GET:groupAppointment done in 10 millis
[2012/07/14 00:12:14] [INFO] [migo-1] GET:groupCalendar done in 7 millis
[2012/07/14 00:12:31] [INFO] [migo-1] GET:logout done in 1 millis
[2012/07/14 00:12:31] [INFO] [migo-1] GET:/ done in 1 millis
[2012/07/14 00:29:23] [INFO] [migo-2] GET:/ done in 7 millis
