[2011/12/29 09:18:59] [INFO] [manage-1] INTERNAL:onStart done in 51 millis
[2011/12/29 09:19:01] [INFO] [manage-1] INTERNAL:scheduler done in 40 millis
[2011/12/29 09:20:01] [INFO] [manage-1] INTERNAL:scheduler done in 0 millis
[2011/12/29 09:21:00] [INFO] [manage-1] INTERNAL:scheduler done in 0 millis
[2011/12/29 09:22:00] [INFO] [manage-1] INTERNAL:scheduler done in 0 millis
[2011/12/29 09:23:00] [INFO] [manage-1] INTERNAL:scheduler done in 0 millis
[2011/12/29 09:24:00] [INFO] [manage-1] INTERNAL:scheduler done in 0 millis
[2011/12/29 09:25:01] [INFO] [manage-1] INTERNAL:scheduler done in 3 millis
[2011/12/29 09:26:00] [INFO] [manage-1] INTERNAL:scheduler done in 0 millis
[2011/12/29 09:27:00] [INFO] [manage-1] INTERNAL:scheduler done in 1 millis
[2011/12/29 09:28:00] [INFO] [manage-1] INTERNAL:scheduler done in 0 millis
[2011/12/29 09:29:00] [INFO] [manage-1] INTERNAL:scheduler done in 1 millis
[2011/12/29 09:30:00] [INFO] [manage-1] INTERNAL:scheduler done in 1 millis
[2011/12/29 09:31:00] [INFO] [manage-1] INTERNAL:scheduler done in 1 millis
[2011/12/29 09:32:00] [INFO] [manage-1] INTERNAL:scheduler done in 1 millis
[2011/12/29 09:33:00] [INFO] [manage-1] INTERNAL:scheduler done in 1 millis
[2011/12/29 09:34:00] [INFO] [manage-1] INTERNAL:scheduler done in 0 millis
[2011/12/29 09:35:00] [INFO] [manage-1] INTERNAL:scheduler done in 0 millis
[2011/12/29 09:36:00] [INFO] [manage-1] INTERNAL:scheduler done in 1 millis
[2011/12/29 09:37:00] [INFO] [manage-1] INTERNAL:scheduler done in 1 millis
[2011/12/29 09:38:00] [INFO] [manage-1] INTERNAL:scheduler done in 0 millis
[2011/12/29 09:39:00] [INFO] [manage-1] INTERNAL:scheduler done in 0 millis
[2011/12/29 09:40:00] [INFO] [manage-1] INTERNAL:scheduler done in 0 millis
[2011/12/29 09:41:00] [INFO] [manage-1] INTERNAL:scheduler done in 0 millis
[2011/12/29 09:42:00] [INFO] [manage-1] INTERNAL:scheduler done in 1 millis
[2011/12/29 09:43:00] [INFO] [manage-1] INTERNAL:scheduler done in 0 millis
[2011/12/29 09:44:00] [INFO] [manage-1] INTERNAL:scheduler done in 0 millis
[2011/12/29 09:45:00] [INFO] [manage-1] INTERNAL:scheduler done in 0 millis
[2011/12/29 09:46:00] [INFO] [manage-1] INTERNAL:scheduler done in 0 millis
[2011/12/29 09:47:00] [INFO] [manage-1] INTERNAL:scheduler done in 1 millis
[2011/12/29 09:48:00] [INFO] [manage-1] INTERNAL:scheduler done in 0 millis
[2011/12/29 09:49:00] [INFO] [manage-1] INTERNAL:scheduler done in 0 millis
[2011/12/29 09:50:00] [INFO] [manage-1] INTERNAL:scheduler done in 0 millis
[2011/12/29 09:51:00] [INFO] [manage-1] INTERNAL:scheduler done in 0 millis
[2011/12/29 09:52:00] [INFO] [manage-1] INTERNAL:scheduler done in 0 millis
[2011/12/29 09:53:00] [INFO] [manage-1] INTERNAL:scheduler done in 0 millis
[2011/12/29 09:54:00] [INFO] [manage-1] INTERNAL:scheduler done in 0 millis
[2011/12/29 09:55:00] [INFO] [manage-1] INTERNAL:scheduler done in 0 millis
[2011/12/29 09:56:00] [INFO] [manage-1] INTERNAL:scheduler done in 0 millis
[2011/12/29 09:57:00] [INFO] [manage-1] INTERNAL:scheduler done in 0 millis
[2011/12/29 09:58:00] [INFO] [manage-1] INTERNAL:scheduler done in 1 millis
[2011/12/29 09:59:00] [INFO] [manage-1] INTERNAL:scheduler done in 0 millis
[2011/12/29 09:59:39] [INFO] [manage-1] INTERNAL:onStart done in 55 millis
[2011/12/29 10:00:01] [INFO] [manage-1] INTERNAL:scheduler done in 14 millis
[2011/12/29 10:00:14] [INFO] [manage-1] INTERNAL:onStart done in 52 millis
[2011/12/29 10:01:01] [INFO] [manage-1] INTERNAL:scheduler done in 14 millis
[2011/12/29 10:02:00] [INFO] [manage-1] INTERNAL:scheduler done in 1 millis
[2011/12/29 10:03:00] [INFO] [manage-1] INTERNAL:scheduler done in 1 millis
[2011/12/29 10:04:00] [INFO] [manage-1] INTERNAL:scheduler done in 1 millis
[2011/12/29 10:05:00] [INFO] [manage-1] INTERNAL:scheduler done in 0 millis
[2011/12/29 10:06:00] [INFO] [manage-1] INTERNAL:scheduler done in 1 millis
[2011/12/29 10:07:00] [INFO] [manage-1] INTERNAL:scheduler done in 2 millis
[2011/12/29 10:08:00] [INFO] [manage-1] INTERNAL:scheduler done in 0 millis
[2011/12/29 10:09:00] [INFO] [manage-1] INTERNAL:scheduler done in 0 millis
[2011/12/29 10:09:38] [INFO] [manage-1] INTERNAL:onStart done in 56 millis
[2011/12/29 10:10:01] [INFO] [manage-1] INTERNAL:scheduler done in 14 millis
[2011/12/29 10:11:00] [INFO] [manage-1] INTERNAL:scheduler done in 1 millis
[2011/12/29 10:12:00] [INFO] [manage-1] INTERNAL:scheduler done in 0 millis
[2011/12/29 10:13:00] [INFO] [manage-1] INTERNAL:scheduler done in 1 millis
[2011/12/29 10:14:00] [INFO] [manage-1] INTERNAL:scheduler done in 0 millis
[2011/12/29 10:15:00] [INFO] [manage-1] INTERNAL:scheduler done in 0 millis
[2011/12/29 10:15:34] [INFO] [manage-1] INTERNAL:onStart done in 54 millis
[2011/12/29 10:16:01] [INFO] [manage-1] INTERNAL:scheduler done in 16 millis
[2011/12/29 10:17:15] [INFO] [manage-1] INTERNAL:onStart done in 53 millis
[2011/12/29 10:18:01] [INFO] [manage-1] INTERNAL:scheduler done in 13 millis
[2011/12/29 10:19:00] [INFO] [manage-1] INTERNAL:scheduler done in 1 millis
[2011/12/29 10:20:00] [INFO] [manage-1] INTERNAL:scheduler done in 0 millis
[2011/12/29 10:21:00] [INFO] [manage-1] INTERNAL:scheduler done in 0 millis
[2011/12/29 10:22:00] [INFO] [manage-1] INTERNAL:scheduler done in 1 millis
[2011/12/29 10:23:00] [INFO] [manage-1] INTERNAL:scheduler done in 0 millis
[2011/12/29 10:24:01] [INFO] [manage-1] INTERNAL:scheduler done in 3 millis
[2011/12/29 10:25:00] [INFO] [manage-1] INTERNAL:scheduler done in 0 millis
[2011/12/29 10:26:00] [INFO] [manage-1] INTERNAL:scheduler done in 1 millis
[2011/12/29 10:26:26] [INFO] [manage-1] INTERNAL:onStart done in 55 millis
[2011/12/29 10:27:01] [INFO] [manage-1] INTERNAL:scheduler done in 14 millis
[2011/12/29 10:27:55] [INFO] [manage-1] INTERNAL:onStart done in 52 millis
[2011/12/29 10:28:00] [INFO] [manage-1] INTERNAL:scheduler done in 14 millis
[2011/12/29 10:29:00] [INFO] [manage-1] INTERNAL:scheduler done in 0 millis
[2011/12/29 10:30:00] [INFO] [manage-1] INTERNAL:scheduler done in 0 millis
[2011/12/29 11:00:21] [INFO] [manage-1] INTERNAL:scheduler done in 2 millis
[2011/12/29 11:01:00] [INFO] [manage-1] INTERNAL:scheduler done in 0 millis
[2011/12/29 11:02:00] [INFO] [manage-1] INTERNAL:scheduler done in 1 millis
[2011/12/29 11:03:00] [INFO] [manage-1] INTERNAL:scheduler done in 0 millis
[2011/12/29 11:04:00] [INFO] [manage-1] INTERNAL:scheduler done in 1 millis
[2011/12/29 11:05:00] [INFO] [manage-1] INTERNAL:scheduler done in 0 millis
[2011/12/29 11:06:00] [INFO] [manage-1] INTERNAL:scheduler done in 1 millis
[2011/12/29 11:07:00] [INFO] [manage-1] INTERNAL:scheduler done in 0 millis
[2011/12/29 11:08:00] [INFO] [manage-1] INTERNAL:scheduler done in 0 millis
[2011/12/29 11:08:50] [INFO] [manage-1] INTERNAL:onStart done in 50 millis
[2011/12/29 11:09:01] [INFO] [manage-1] INTERNAL:scheduler done in 15 millis
[2011/12/29 11:10:00] [INFO] [manage-1] INTERNAL:scheduler done in 1 millis
[2011/12/29 11:11:00] [INFO] [manage-1] INTERNAL:scheduler done in 0 millis
[2011/12/29 11:12:00] [INFO] [manage-1] INTERNAL:scheduler done in 0 millis
[2011/12/29 11:13:00] [INFO] [manage-1] INTERNAL:scheduler done in 1 millis
[2011/12/29 11:14:00] [INFO] [manage-1] INTERNAL:scheduler done in 1 millis
[2011/12/29 11:15:00] [INFO] [manage-1] INTERNAL:scheduler done in 2 millis
[2011/12/29 11:15:04] [INFO] [manage-1] INTERNAL:onStart done in 54 millis
[2011/12/29 11:16:01] [INFO] [manage-1] INTERNAL:scheduler done in 16 millis
[2011/12/29 11:17:00] [INFO] [manage-1] INTERNAL:scheduler done in 0 millis
[2011/12/29 11:18:00] [INFO] [manage-1] INTERNAL:scheduler done in 0 millis
[2011/12/29 11:19:00] [INFO] [manage-1] INTERNAL:scheduler done in 0 millis
[2011/12/29 11:20:00] [INFO] [manage-1] INTERNAL:scheduler done in 1 millis
[2011/12/29 11:21:00] [INFO] [manage-1] INTERNAL:scheduler done in 0 millis
[2011/12/29 11:22:00] [INFO] [manage-1] INTERNAL:scheduler done in 2 millis
[2011/12/29 11:23:00] [INFO] [manage-1] INTERNAL:scheduler done in 1 millis
[2011/12/29 11:24:00] [INFO] [manage-1] INTERNAL:scheduler done in 0 millis
[2011/12/29 11:25:00] [INFO] [manage-1] INTERNAL:scheduler done in 0 millis
[2011/12/29 11:26:00] [INFO] [manage-1] INTERNAL:scheduler done in 0 millis
[2011/12/29 11:27:00] [INFO] [manage-1] INTERNAL:scheduler done in 0 millis
[2011/12/29 11:28:00] [INFO] [manage-1] INTERNAL:scheduler done in 1 millis
[2011/12/29 11:28:11] [INFO] [manage-1] INTERNAL:onStart done in 58 millis
[2011/12/29 11:29:01] [INFO] [manage-1] INTERNAL:scheduler done in 13 millis
[2011/12/29 11:30:00] [INFO] [manage-1] INTERNAL:scheduler done in 1 millis
[2011/12/29 11:31:00] [INFO] [manage-1] INTERNAL:scheduler done in 0 millis
[2011/12/29 11:32:00] [INFO] [manage-1] INTERNAL:scheduler done in 0 millis
[2011/12/29 11:33:00] [INFO] [manage-1] INTERNAL:scheduler done in 1 millis
[2011/12/29 11:33:48] [INFO] [manage-1] INTERNAL:onStart done in 51 millis
[2011/12/29 11:34:01] [INFO] [manage-1] INTERNAL:scheduler done in 14 millis
[2011/12/29 11:35:00] [INFO] [manage-1] INTERNAL:scheduler done in 1 millis
[2011/12/29 11:36:00] [INFO] [manage-1] INTERNAL:scheduler done in 0 millis
[2011/12/29 11:37:00] [INFO] [manage-1] INTERNAL:scheduler done in 0 millis
[2011/12/29 11:37:59] [INFO] [manage-1] INTERNAL:onStart done in 62 millis
[2011/12/29 11:39:01] [INFO] [manage-1] INTERNAL:scheduler done in 13 millis
[2011/12/29 11:40:00] [INFO] [manage-1] INTERNAL:scheduler done in 1 millis
[2011/12/29 11:41:00] [INFO] [manage-1] INTERNAL:scheduler done in 0 millis
[2011/12/29 11:42:00] [INFO] [manage-1] INTERNAL:scheduler done in 0 millis
[2011/12/29 11:43:00] [INFO] [manage-1] INTERNAL:scheduler done in 1 millis
[2011/12/29 11:44:00] [INFO] [manage-1] INTERNAL:scheduler done in 0 millis
[2011/12/29 11:45:01] [INFO] [manage-1] INTERNAL:scheduler done in 3 millis
[2011/12/29 11:46:00] [INFO] [manage-1] INTERNAL:scheduler done in 1 millis
[2011/12/29 11:47:00] [INFO] [manage-1] INTERNAL:scheduler done in 0 millis
[2011/12/29 11:48:00] [INFO] [manage-1] INTERNAL:scheduler done in 0 millis
[2011/12/29 11:49:00] [INFO] [manage-1] INTERNAL:scheduler done in 0 millis
[2011/12/29 11:50:00] [INFO] [manage-1] INTERNAL:scheduler done in 0 millis
[2011/12/29 11:51:00] [INFO] [manage-1] INTERNAL:scheduler done in 1 millis
[2011/12/29 11:52:00] [INFO] [manage-1] INTERNAL:scheduler done in 0 millis
[2011/12/29 11:53:00] [INFO] [manage-1] INTERNAL:scheduler done in 0 millis
[2011/12/29 11:54:00] [INFO] [manage-1] INTERNAL:scheduler done in 0 millis
[2011/12/29 11:55:00] [INFO] [manage-1] INTERNAL:scheduler done in 0 millis
[2011/12/29 11:56:00] [INFO] [manage-1] INTERNAL:scheduler done in 2 millis
[2011/12/29 11:57:00] [INFO] [manage-1] INTERNAL:scheduler done in 0 millis
[2011/12/29 11:58:00] [INFO] [manage-1] INTERNAL:scheduler done in 0 millis
[2011/12/29 11:59:00] [INFO] [manage-1] INTERNAL:scheduler done in 0 millis
[2011/12/29 12:00:00] [INFO] [manage-1] INTERNAL:scheduler done in 1 millis
[2011/12/29 12:01:00] [INFO] [manage-1] INTERNAL:scheduler done in 0 millis
[2011/12/29 12:02:00] [INFO] [manage-1] INTERNAL:scheduler done in 1 millis
[2011/12/29 12:03:00] [INFO] [manage-1] INTERNAL:scheduler done in 1 millis
[2011/12/29 12:04:00] [INFO] [manage-1] INTERNAL:scheduler done in 0 millis
[2011/12/29 12:05:00] [INFO] [manage-1] INTERNAL:scheduler done in 0 millis
[2011/12/29 12:06:00] [INFO] [manage-1] INTERNAL:scheduler done in 0 millis
[2011/12/29 12:07:00] [INFO] [manage-1] INTERNAL:scheduler done in 0 millis
[2011/12/29 12:08:00] [INFO] [manage-1] INTERNAL:scheduler done in 1 millis
[2011/12/29 12:09:00] [INFO] [manage-1] INTERNAL:scheduler done in 1 millis
[2011/12/29 12:10:00] [INFO] [manage-1] INTERNAL:scheduler done in 0 millis
[2011/12/29 12:11:00] [INFO] [manage-1] INTERNAL:scheduler done in 0 millis
[2011/12/29 12:12:00] [INFO] [manage-1] INTERNAL:scheduler done in 1 millis
[2011/12/29 12:13:00] [INFO] [manage-1] INTERNAL:scheduler done in 0 millis
[2011/12/29 12:14:00] [INFO] [manage-1] INTERNAL:scheduler done in 1 millis
[2011/12/29 12:15:00] [INFO] [manage-1] INTERNAL:scheduler done in 0 millis
[2011/12/29 12:16:00] [INFO] [manage-1] INTERNAL:scheduler done in 0 millis
[2011/12/29 12:17:00] [INFO] [manage-1] INTERNAL:scheduler done in 0 millis
[2011/12/29 12:18:00] [INFO] [manage-1] INTERNAL:scheduler done in 1 millis
[2011/12/29 12:19:00] [INFO] [manage-1] INTERNAL:scheduler done in 0 millis
[2011/12/29 12:20:00] [INFO] [manage-1] INTERNAL:scheduler done in 2 millis
[2011/12/29 12:21:00] [INFO] [manage-1] INTERNAL:scheduler done in 0 millis
[2011/12/29 12:22:00] [INFO] [manage-1] INTERNAL:scheduler done in 0 millis
[2011/12/29 12:23:00] [INFO] [manage-1] INTERNAL:scheduler done in 0 millis
[2011/12/29 12:24:00] [INFO] [manage-1] INTERNAL:scheduler done in 0 millis
[2011/12/29 12:25:00] [INFO] [manage-1] INTERNAL:scheduler done in 0 millis
[2011/12/29 12:26:00] [INFO] [manage-1] INTERNAL:scheduler done in 1 millis
[2011/12/29 12:27:00] [INFO] [manage-1] INTERNAL:scheduler done in 0 millis
[2011/12/29 12:28:00] [INFO] [manage-1] INTERNAL:scheduler done in 0 millis
[2011/12/29 12:29:00] [INFO] [manage-1] INTERNAL:scheduler done in 0 millis
[2011/12/29 12:30:00] [INFO] [manage-1] INTERNAL:scheduler done in 0 millis
[2011/12/29 12:31:00] [INFO] [manage-1] INTERNAL:scheduler done in 1 millis
[2011/12/29 12:32:00] [INFO] [manage-1] INTERNAL:scheduler done in 0 millis
[2011/12/29 12:33:00] [INFO] [manage-1] INTERNAL:scheduler done in 1 millis
[2011/12/29 12:34:00] [INFO] [manage-1] INTERNAL:scheduler done in 1 millis
[2011/12/29 12:35:00] [INFO] [manage-1] INTERNAL:scheduler done in 0 millis
[2011/12/29 12:36:00] [INFO] [manage-1] INTERNAL:scheduler done in 0 millis
[2011/12/29 12:37:00] [INFO] [manage-1] INTERNAL:scheduler done in 1 millis
[2011/12/29 12:38:00] [INFO] [manage-1] INTERNAL:scheduler done in 0 millis
[2011/12/29 12:39:00] [INFO] [manage-1] INTERNAL:scheduler done in 0 millis
[2011/12/29 12:40:00] [INFO] [manage-1] INTERNAL:scheduler done in 0 millis
[2011/12/29 12:41:00] [INFO] [manage-1] INTERNAL:scheduler done in 0 millis
[2011/12/29 12:42:00] [INFO] [manage-1] INTERNAL:scheduler done in 1 millis
[2011/12/29 12:43:00] [INFO] [manage-1] INTERNAL:scheduler done in 0 millis
[2011/12/29 13:27:43] [INFO] [manage-1] INTERNAL:scheduler done in 0 millis
[2011/12/29 13:28:01] [INFO] [manage-1] INTERNAL:scheduler done in 1 millis
[2011/12/29 13:29:00] [INFO] [manage-1] INTERNAL:scheduler done in 0 millis
[2011/12/29 13:30:00] [INFO] [manage-1] INTERNAL:scheduler done in 0 millis
[2011/12/29 13:31:00] [INFO] [manage-1] INTERNAL:scheduler done in 0 millis
[2011/12/29 13:32:00] [INFO] [manage-1] INTERNAL:scheduler done in 0 millis
[2011/12/29 13:33:00] [INFO] [manage-1] INTERNAL:scheduler done in 1 millis
[2011/12/29 13:34:00] [INFO] [manage-1] INTERNAL:scheduler done in 0 millis
[2011/12/29 13:35:00] [INFO] [manage-1] INTERNAL:scheduler done in 0 millis
[2011/12/29 13:36:00] [INFO] [manage-1] INTERNAL:scheduler done in 1 millis
[2011/12/29 13:37:00] [INFO] [manage-1] INTERNAL:scheduler done in 0 millis
[2011/12/29 13:38:00] [INFO] [manage-1] INTERNAL:scheduler done in 0 millis
[2011/12/29 13:39:00] [INFO] [manage-1] INTERNAL:scheduler done in 0 millis
[2011/12/29 13:40:00] [INFO] [manage-1] INTERNAL:scheduler done in 1 millis
[2011/12/29 13:41:00] [INFO] [manage-1] INTERNAL:scheduler done in 0 millis
[2011/12/29 13:42:00] [INFO] [manage-1] INTERNAL:scheduler done in 0 millis
[2011/12/29 13:43:00] [INFO] [manage-1] INTERNAL:scheduler done in 1 millis
[2011/12/29 13:44:00] [INFO] [manage-1] INTERNAL:scheduler done in 0 millis
[2011/12/29 13:44:02] [INFO] [manage-1] INTERNAL:onStart done in 52 millis
[2011/12/29 13:45:01] [INFO] [manage-1] INTERNAL:scheduler done in 14 millis
[2011/12/29 13:46:00] [INFO] [manage-1] INTERNAL:scheduler done in 1 millis
[2011/12/29 13:47:00] [INFO] [manage-1] INTERNAL:scheduler done in 0 millis
[2011/12/29 13:48:00] [INFO] [manage-1] INTERNAL:scheduler done in 0 millis
[2011/12/29 13:49:00] [INFO] [manage-1] INTERNAL:scheduler done in 0 millis
[2011/12/29 13:50:00] [INFO] [manage-1] INTERNAL:scheduler done in 0 millis
[2011/12/29 13:50:14] [INFO] [manage-1] INTERNAL:onStart done in 58 millis
[2011/12/29 13:51:01] [INFO] [manage-1] INTERNAL:scheduler done in 14 millis
[2011/12/29 13:52:00] [INFO] [manage-1] INTERNAL:scheduler done in 1 millis
[2011/12/29 13:53:00] [INFO] [manage-1] INTERNAL:scheduler done in 0 millis
[2011/12/29 13:54:00] [INFO] [manage-1] INTERNAL:scheduler done in 1 millis
[2011/12/29 13:55:00] [INFO] [manage-1] INTERNAL:scheduler done in 0 millis
[2011/12/29 13:55:32] [INFO] [manage-1] INTERNAL:onStart done in 48 millis
[2011/12/29 13:56:01] [INFO] [manage-1] INTERNAL:scheduler done in 13 millis
[2011/12/29 13:57:00] [INFO] [manage-1] INTERNAL:scheduler done in 1 millis
[2011/12/29 13:58:00] [INFO] [manage-1] INTERNAL:scheduler done in 1 millis
[2011/12/29 13:59:00] [INFO] [manage-1] INTERNAL:scheduler done in 0 millis
[2011/12/29 14:00:00] [INFO] [manage-1] INTERNAL:scheduler done in 0 millis
[2011/12/29 14:01:00] [INFO] [manage-1] INTERNAL:scheduler done in 0 millis
[2011/12/29 14:02:01] [INFO] [manage-1] INTERNAL:scheduler done in 2 millis
[2011/12/29 14:03:00] [INFO] [manage-1] INTERNAL:scheduler done in 0 millis
[2011/12/29 14:04:00] [INFO] [manage-1] INTERNAL:scheduler done in 1 millis
[2011/12/29 14:05:00] [INFO] [manage-1] INTERNAL:scheduler done in 0 millis
[2011/12/29 14:06:00] [INFO] [manage-1] INTERNAL:scheduler done in 1 millis
[2011/12/29 14:07:00] [INFO] [manage-1] INTERNAL:scheduler done in 0 millis
[2011/12/29 14:08:00] [INFO] [manage-1] INTERNAL:scheduler done in 1 millis
[2011/12/29 14:09:00] [INFO] [manage-1] INTERNAL:scheduler done in 0 millis
[2011/12/29 14:10:00] [INFO] [manage-1] INTERNAL:scheduler done in 0 millis
[2011/12/29 14:11:01] [INFO] [manage-1] INTERNAL:scheduler done in 0 millis
[2011/12/29 14:12:00] [INFO] [manage-1] INTERNAL:scheduler done in 1 millis
[2011/12/29 14:12:40] [INFO] [manage-1] INTERNAL:onStart done in 60 millis
[2011/12/29 14:13:01] [INFO] [manage-1] INTERNAL:scheduler done in 19 millis
[2011/12/29 14:13:33] [INFO] [manage-1] INTERNAL:onStart done in 49 millis
[2011/12/29 14:14:01] [INFO] [manage-1] INTERNAL:scheduler done in 14 millis
[2011/12/29 14:14:34] [INFO] [manage-1] INTERNAL:onStart done in 50 millis
[2011/12/29 14:15:01] [INFO] [manage-1] INTERNAL:scheduler done in 13 millis
[2011/12/29 14:16:00] [INFO] [manage-1] INTERNAL:scheduler done in 1 millis
[2011/12/29 14:17:00] [INFO] [manage-1] INTERNAL:scheduler done in 0 millis
[2011/12/29 14:18:00] [INFO] [manage-1] INTERNAL:scheduler done in 0 millis
[2011/12/29 14:19:00] [INFO] [manage-1] INTERNAL:scheduler done in 1 millis
[2011/12/29 14:20:00] [INFO] [manage-1] INTERNAL:scheduler done in 0 millis
[2011/12/29 14:20:23] [INFO] [manage-1] INTERNAL:onStart done in 45 millis
[2011/12/29 14:21:01] [INFO] [manage-1] INTERNAL:scheduler done in 14 millis
[2011/12/29 14:22:00] [INFO] [manage-1] INTERNAL:scheduler done in 1 millis
[2011/12/29 14:23:00] [INFO] [manage-1] INTERNAL:scheduler done in 0 millis
[2011/12/29 14:24:00] [INFO] [manage-1] INTERNAL:scheduler done in 1 millis
[2011/12/29 14:24:18] [INFO] [manage-1] INTERNAL:onStart done in 52 millis
[2011/12/29 14:25:01] [INFO] [manage-1] INTERNAL:scheduler done in 13 millis
[2011/12/29 14:26:00] [INFO] [manage-1] INTERNAL:scheduler done in 0 millis
[2011/12/29 14:27:00] [INFO] [manage-1] INTERNAL:scheduler done in 0 millis
[2011/12/29 14:27:21] [INFO] [manage-1] INTERNAL:onStart done in 55 millis
[2011/12/29 14:28:01] [INFO] [manage-1] INTERNAL:scheduler done in 14 millis
[2011/12/29 14:29:00] [INFO] [manage-1] INTERNAL:scheduler done in 1 millis
[2011/12/29 14:29:15] [INFO] [manage-1] INTERNAL:onStart done in 50 millis
[2011/12/29 14:30:01] [INFO] [manage-1] INTERNAL:scheduler done in 14 millis
[2011/12/29 14:31:00] [INFO] [manage-1] INTERNAL:scheduler done in 0 millis
[2011/12/29 14:32:00] [INFO] [manage-1] INTERNAL:scheduler done in 0 millis
[2011/12/29 14:32:02] [INFO] [manage-1] INTERNAL:onStart done in 54 millis
[2011/12/29 14:33:01] [INFO] [manage-1] INTERNAL:scheduler done in 14 millis
[2011/12/29 14:34:00] [INFO] [manage-1] INTERNAL:scheduler done in 1 millis
[2011/12/29 14:35:00] [INFO] [manage-1] INTERNAL:scheduler done in 0 millis
[2011/12/29 14:35:03] [INFO] [manage-1] INTERNAL:onStart done in 57 millis
[2011/12/29 14:35:33] [INFO] [manage-1] INTERNAL:onStart done in 48 millis
[2011/12/29 14:36:01] [INFO] [manage-1] INTERNAL:scheduler done in 15 millis
[2011/12/29 14:36:46] [INFO] [manage-1] INTERNAL:onStart done in 52 millis
[2011/12/29 14:37:01] [INFO] [manage-1] INTERNAL:scheduler done in 14 millis
[2011/12/29 14:38:00] [INFO] [manage-1] INTERNAL:scheduler done in 0 millis
[2011/12/29 14:38:55] [INFO] [manage-1] INTERNAL:onStart done in 54 millis
[2011/12/29 14:39:01] [INFO] [manage-1] INTERNAL:scheduler done in 14 millis
[2011/12/29 14:40:00] [INFO] [manage-1] INTERNAL:scheduler done in 0 millis
[2011/12/29 14:41:00] [INFO] [manage-1] INTERNAL:scheduler done in 0 millis
[2011/12/29 14:42:00] [INFO] [manage-1] INTERNAL:scheduler done in 0 millis
[2011/12/29 14:43:00] [INFO] [manage-1] INTERNAL:scheduler done in 0 millis
[2011/12/29 14:43:10] [INFO] [manage-1] INTERNAL:onStart done in 50 millis
[2011/12/29 14:43:31] [INFO] [manage-1] GET:/ done in 2 millis
[2011/12/29 14:43:33] [INFO] [manage-1] GET:/ done in 138 millis
[2011/12/29 14:43:33] [INFO] [manage-1] GET:image done in 3 millis
[2011/12/29 14:43:36] [INFO] [manage-1] GET:main done in 23 millis
[2011/12/29 14:43:36] [INFO] [manage-1] GET:migo/main done in 53 millis
[2011/12/29 14:43:36] [INFO] [manage-1] GET:image done in 0 millis
[2011/12/29 14:43:36] [INFO] [manage-1] GET:main done in 1 millis
[2011/12/29 14:43:36] [INFO] [manage-1] GET:migo/main done in 13 millis
[2011/12/29 14:43:36] [INFO] [manage-1] GET:image done in 1 millis
[2011/12/29 14:43:37] [INFO] [manage-1] GET:main done in 0 millis
[2011/12/29 14:43:37] [INFO] [manage-1] GET:migo/main done in 10 millis
[2011/12/29 14:43:37] [INFO] [manage-1] GET:image done in 1 millis
[2011/12/29 14:43:54] [INFO] [manage-1] INTERNAL:onStart done in 51 millis
[2011/12/29 14:44:01] [INFO] [manage-1] INTERNAL:scheduler done in 14 millis
[2011/12/29 14:53:41] [INFO] [manage-1] INTERNAL:scheduler done in 2 millis
[2011/12/29 14:54:01] [INFO] [manage-1] INTERNAL:scheduler done in 1 millis
[2011/12/29 14:54:31] [INFO] [manage-1] INTERNAL:onStart done in 51 millis
[2011/12/29 14:55:01] [INFO] [manage-1] INTERNAL:scheduler done in 14 millis
[2011/12/29 14:56:00] [INFO] [manage-1] INTERNAL:scheduler done in 1 millis
[2011/12/29 14:57:00] [INFO] [manage-1] INTERNAL:scheduler done in 1 millis
[2011/12/29 14:58:00] [INFO] [manage-1] INTERNAL:scheduler done in 0 millis
[2011/12/29 14:59:00] [INFO] [manage-1] INTERNAL:scheduler done in 0 millis
[2011/12/29 15:00:00] [INFO] [manage-1] INTERNAL:scheduler done in 1 millis
[2011/12/29 15:05:49] [INFO] [manage-1] INTERNAL:onStart done in 50 millis
[2011/12/29 15:06:01] [INFO] [manage-1] INTERNAL:scheduler done in 20 millis
[2011/12/29 15:07:00] [INFO] [manage-1] INTERNAL:scheduler done in 0 millis
[2011/12/29 15:08:00] [INFO] [manage-1] INTERNAL:scheduler done in 0 millis
[2011/12/29 15:09:00] [INFO] [manage-1] INTERNAL:scheduler done in 0 millis
