[2012/01/28 09:53:17] [INFO] [migo-1] Function onLogout not defined for [object Person]
[2012/01/28 09:53:41] [ERROR] [migo-1] GET:groupGroup helma.scripting.ScriptingException: TypeError: Cannot find function getGroupColor in object [object Root]. (/Users/danielbrandstetter/Desktop/Migo/apps/migo/Root/groupFunctions.js#93)
helma.scripting.ScriptingException: TypeError: Cannot find function getGroupColor in object [object Root]. (/Users/danielbrandstetter/Desktop/Migo/apps/migo/Root/groupFunctions.js#93)
	at /Users/danielbrandstetter/Desktop/Migo/apps/migo/Root/groupFunctions.js:93
	at /Users/danielbrandstetter/Desktop/Migo/apps/migo/Root/groupGroup.js:32
Full trace: org.mozilla.javascript.EcmaError: TypeError: Cannot find function getGroupColor in object [object Root]. (/Users/danielbrandstetter/Desktop/Migo/apps/migo/Root/groupFunctions.js#93)
	at org.mozilla.javascript.ScriptRuntime.constructError(ScriptRuntime.java:3654)
	at org.mozilla.javascript.ScriptRuntime.constructError(ScriptRuntime.java:3632)
	at org.mozilla.javascript.ScriptRuntime.typeError(ScriptRuntime.java:3660)
	at org.mozilla.javascript.ScriptRuntime.typeError2(ScriptRuntime.java:3679)
	at org.mozilla.javascript.ScriptRuntime.notFunctionError(ScriptRuntime.java:3743)
	at org.mozilla.javascript.ScriptRuntime.getPropFunctionAndThisHelper(ScriptRuntime.java:2247)
	at org.mozilla.javascript.ScriptRuntime.getPropFunctionAndThis(ScriptRuntime.java:2214)
	at org.mozilla.javascript.gen.c452._c3(/Users/danielbrandstetter/Desktop/Migo/apps/migo/Root/groupFunctions.js:93)
	at org.mozilla.javascript.gen.c452.call(/Users/danielbrandstetter/Desktop/Migo/apps/migo/Root/groupFunctions.js)
	at org.mozilla.javascript.optimizer.OptRuntime.call1(OptRuntime.java:66)
	at org.mozilla.javascript.gen.c453._c1(/Users/danielbrandstetter/Desktop/Migo/apps/migo/Root/groupGroup.js:32)
	at org.mozilla.javascript.gen.c453.call(/Users/danielbrandstetter/Desktop/Migo/apps/migo/Root/groupGroup.js)
	at org.mozilla.javascript.ContextFactory.doTopCall(ContextFactory.java:398)
	at org.mozilla.javascript.ScriptRuntime.doTopCall(ScriptRuntime.java:3065)
	at org.mozilla.javascript.gen.c453.call(/Users/danielbrandstetter/Desktop/Migo/apps/migo/Root/groupGroup.js)
	at org.mozilla.javascript.Context$1.run(Context.java:504)
	at org.mozilla.javascript.Context.call(Context.java:515)
	at org.mozilla.javascript.Context.call(Context.java:502)
	at helma.scripting.rhino.RhinoEngine.invoke(RhinoEngine.java:316)
	at helma.framework.core.RequestEvaluator.run(RequestEvaluator.java:414)
	at java.lang.Thread.run(Thread.java:680)
[2012/01/28 09:54:55] [INFO] [migo-1] Function onStop not defined in global scope
[2012/01/28 09:54:55] [INFO] [migo-worker] Scheduler for migo exiting
[2012/01/28 09:54:56] [INFO] [migo-init] Using session manager class helma.framework.core.SessionManager
[2012/01/28 09:54:56] [INFO] [Thread-3] Starting engine 1 for migo
[2012/01/28 09:54:56] [INFO] [migo-1] Function onStart not defined in global scope
[2012/01/28 09:56:08] [INFO] [migo-1] Function onStop not defined in global scope
[2012/01/28 09:56:08] [INFO] [migo-worker] Scheduler for migo exiting
[2012/01/28 09:56:08] [INFO] [migo-1] Closing DB connection: com.mysql.jdbc.Connection@14426a6
[2012/01/28 09:58:16] [INFO] [migo-init] Using session manager class helma.framework.core.SessionManager
[2012/01/28 09:58:16] [INFO] [Thread-3] Starting engine 1 for migo
[2012/01/28 09:58:16] [INFO] [migo-1] Function onStart not defined in global scope
[2012/01/28 09:59:57] [INFO] [migo-1] Function onStop not defined in global scope
[2012/01/28 09:59:57] [INFO] [migo-worker] Scheduler for migo exiting
[2012/01/28 09:59:58] [INFO] [migo-init] Using session manager class helma.framework.core.SessionManager
[2012/01/28 09:59:58] [INFO] [Thread-3] Starting engine 1 for migo
[2012/01/28 09:59:58] [INFO] [migo-1] Function onStart not defined in global scope
[2012/01/28 10:12:01] [INFO] [migo-1] Closing DB connection: com.mysql.jdbc.Connection@4e4b12d9
[2012/01/28 10:12:01] [ERROR] [migo-1] GET:groupGroup helma.scripting.ScriptingException: TypeError: Cannot find function getGroupColor in object [object Root]. (/Users/danielbrandstetter/Desktop/Migo/apps/migo/Root/groupFunctions.js#93)
helma.scripting.ScriptingException: TypeError: Cannot find function getGroupColor in object [object Root]. (/Users/danielbrandstetter/Desktop/Migo/apps/migo/Root/groupFunctions.js#93)
	at /Users/danielbrandstetter/Desktop/Migo/apps/migo/Root/groupFunctions.js:93
	at /Users/danielbrandstetter/Desktop/Migo/apps/migo/Root/groupGroup.js:32
Full trace: org.mozilla.javascript.EcmaError: TypeError: Cannot find function getGroupColor in object [object Root]. (/Users/danielbrandstetter/Desktop/Migo/apps/migo/Root/groupFunctions.js#93)
	at org.mozilla.javascript.ScriptRuntime.constructError(ScriptRuntime.java:3654)
	at org.mozilla.javascript.ScriptRuntime.constructError(ScriptRuntime.java:3632)
	at org.mozilla.javascript.ScriptRuntime.typeError(ScriptRuntime.java:3660)
	at org.mozilla.javascript.ScriptRuntime.typeError2(ScriptRuntime.java:3679)
	at org.mozilla.javascript.ScriptRuntime.notFunctionError(ScriptRuntime.java:3743)
	at org.mozilla.javascript.ScriptRuntime.getPropFunctionAndThisHelper(ScriptRuntime.java:2247)
	at org.mozilla.javascript.ScriptRuntime.getPropFunctionAndThis(ScriptRuntime.java:2214)
	at org.mozilla.javascript.gen.c42._c3(/Users/danielbrandstetter/Desktop/Migo/apps/migo/Root/groupFunctions.js:93)
	at org.mozilla.javascript.gen.c42.call(/Users/danielbrandstetter/Desktop/Migo/apps/migo/Root/groupFunctions.js)
	at org.mozilla.javascript.optimizer.OptRuntime.call1(OptRuntime.java:66)
	at org.mozilla.javascript.gen.c43._c1(/Users/danielbrandstetter/Desktop/Migo/apps/migo/Root/groupGroup.js:32)
	at org.mozilla.javascript.gen.c43.call(/Users/danielbrandstetter/Desktop/Migo/apps/migo/Root/groupGroup.js)
	at org.mozilla.javascript.ContextFactory.doTopCall(ContextFactory.java:398)
	at org.mozilla.javascript.ScriptRuntime.doTopCall(ScriptRuntime.java:3065)
	at org.mozilla.javascript.gen.c43.call(/Users/danielbrandstetter/Desktop/Migo/apps/migo/Root/groupGroup.js)
	at org.mozilla.javascript.Context$1.run(Context.java:504)
	at org.mozilla.javascript.Context.call(Context.java:515)
	at org.mozilla.javascript.Context.call(Context.java:502)
	at helma.scripting.rhino.RhinoEngine.invoke(RhinoEngine.java:316)
	at helma.framework.core.RequestEvaluator.run(RequestEvaluator.java:414)
	at java.lang.Thread.run(Thread.java:680)
[2012/01/28 10:12:36] [ERROR] [migo-1] GET:groupGroup helma.scripting.ScriptingException: TypeError: Cannot find function getGroupColor in object [object Root]. (/Users/danielbrandstetter/Desktop/Migo/apps/migo/Root/groupFunctions.js#93)
helma.scripting.ScriptingException: TypeError: Cannot find function getGroupColor in object [object Root]. (/Users/danielbrandstetter/Desktop/Migo/apps/migo/Root/groupFunctions.js#93)
	at /Users/danielbrandstetter/Desktop/Migo/apps/migo/Root/groupFunctions.js:93
	at /Users/danielbrandstetter/Desktop/Migo/apps/migo/Root/groupGroup.js:32
Full trace: org.mozilla.javascript.EcmaError: TypeError: Cannot find function getGroupColor in object [object Root]. (/Users/danielbrandstetter/Desktop/Migo/apps/migo/Root/groupFunctions.js#93)
	at org.mozilla.javascript.ScriptRuntime.constructError(ScriptRuntime.java:3654)
	at org.mozilla.javascript.ScriptRuntime.constructError(ScriptRuntime.java:3632)
	at org.mozilla.javascript.ScriptRuntime.typeError(ScriptRuntime.java:3660)
	at org.mozilla.javascript.ScriptRuntime.typeError2(ScriptRuntime.java:3679)
	at org.mozilla.javascript.ScriptRuntime.notFunctionError(ScriptRuntime.java:3743)
	at org.mozilla.javascript.ScriptRuntime.getPropFunctionAndThisHelper(ScriptRuntime.java:2247)
	at org.mozilla.javascript.ScriptRuntime.getPropFunctionAndThis(ScriptRuntime.java:2214)
	at org.mozilla.javascript.gen.c42._c3(/Users/danielbrandstetter/Desktop/Migo/apps/migo/Root/groupFunctions.js:93)
	at org.mozilla.javascript.gen.c42.call(/Users/danielbrandstetter/Desktop/Migo/apps/migo/Root/groupFunctions.js)
	at org.mozilla.javascript.optimizer.OptRuntime.call1(OptRuntime.java:66)
	at org.mozilla.javascript.gen.c43._c1(/Users/danielbrandstetter/Desktop/Migo/apps/migo/Root/groupGroup.js:32)
	at org.mozilla.javascript.gen.c43.call(/Users/danielbrandstetter/Desktop/Migo/apps/migo/Root/groupGroup.js)
	at org.mozilla.javascript.ContextFactory.doTopCall(ContextFactory.java:398)
	at org.mozilla.javascript.ScriptRuntime.doTopCall(ScriptRuntime.java:3065)
	at org.mozilla.javascript.gen.c43.call(/Users/danielbrandstetter/Desktop/Migo/apps/migo/Root/groupGroup.js)
	at org.mozilla.javascript.Context$1.run(Context.java:504)
	at org.mozilla.javascript.Context.call(Context.java:515)
	at org.mozilla.javascript.Context.call(Context.java:502)
	at helma.scripting.rhino.RhinoEngine.invoke(RhinoEngine.java:316)
	at helma.framework.core.RequestEvaluator.run(RequestEvaluator.java:414)
	at java.lang.Thread.run(Thread.java:680)
[2012/01/28 10:22:56] [INFO] [migo-1] Closing DB connection: com.mysql.jdbc.Connection@4ab83be0
[2012/01/28 11:12:27] [INFO] [migo-2] Function onStop not defined in global scope
[2012/01/28 11:12:27] [INFO] [migo-worker] Scheduler for migo exiting
