[2012/01/28 09:53:27] [INFO] [welcome-2] GET:static/jQuery/jquery.js done in 2 millis
[2012/01/28 09:53:27] [INFO] [welcome-2] GET:static/main.css done in 2 millis
[2012/01/28 09:53:29] [INFO] [welcome-2] GET:static/jQuery/jquery.js done in 1 millis
[2012/01/28 09:53:29] [INFO] [welcome-2] GET:static/main.css done in 2 millis
[2012/01/28 09:54:56] [INFO] [welcome-1] INTERNAL:onStart done in 44 millis
[2012/01/28 09:55:01] [INFO] [welcome-1] GET:static/main.css done in 4 millis
[2012/01/28 09:55:01] [INFO] [welcome-1] GET:static/jQuery/jquery.js done in 5 millis
[2012/01/28 09:55:04] [INFO] [welcome-1] GET:static/main.css done in 4 millis
[2012/01/28 09:55:04] [INFO] [welcome-1] GET:static/jQuery/jquery.js done in 4 millis
[2012/01/28 09:58:15] [INFO] [welcome-1] INTERNAL:onStart done in 181 millis
[2012/01/28 09:58:22] [INFO] [welcome-1] GET:static/main.css done in 30 millis
[2012/01/28 09:58:22] [INFO] [welcome-1] GET:static/jQuery/jquery.js done in 30 millis
[2012/01/28 09:58:26] [INFO] [welcome-1] GET:static/jQuery/jquery.js done in 4 millis
[2012/01/28 09:58:26] [INFO] [welcome-1] GET:static/main.css done in 4 millis
[2012/01/28 09:59:55] [INFO] [welcome-1] GET:static/main.css done in 4 millis
[2012/01/28 09:59:55] [INFO] [welcome-1] GET:static/jQuery/jquery.js done in 9 millis
[2012/01/28 09:59:58] [INFO] [welcome-1] INTERNAL:onStart done in 54 millis
[2012/01/28 10:00:02] [INFO] [welcome-1] GET:static/main.css done in 5 millis
[2012/01/28 10:00:02] [INFO] [welcome-1] GET:static/jQuery/jquery.js done in 2 millis
[2012/01/28 10:12:39] [INFO] [welcome-2] GET:static/main.css done in 3 millis
[2012/01/28 10:12:39] [INFO] [welcome-2] GET:static/jQuery/jquery.js done in 3 millis
[2012/01/28 10:12:43] [INFO] [welcome-2] GET:static/jQuery/jquery.js done in 1 millis
[2012/01/28 10:12:43] [INFO] [welcome-2] GET:static/main.css done in 3 millis
[2012/01/28 10:12:56] [INFO] [welcome-2] GET:static/main.css done in 2 millis
[2012/01/28 10:12:56] [INFO] [welcome-2] GET:static/jQuery/jquery.js done in 2 millis
[2012/05/11 09:13:36] [INFO] [welcome-1] INTERNAL:onStart done in 47 millis
[2012/05/11 09:14:01] [INFO] [welcome-1] GET:static/main.css done in 4 millis
[2012/05/11 09:14:01] [INFO] [welcome-1] GET:static/jQuery/jquery.js done in 4 millis
[2012/05/11 09:15:32] [INFO] [welcome-1] GET:static/main.css done in 3 millis
[2012/05/11 09:15:32] [INFO] [welcome-1] GET:static/jQuery/jquery.js done in 4 millis
[2012/05/11 09:15:57] [INFO] [welcome-1] GET:static/jQuery/jquery.js done in 4 millis
[2012/05/11 09:15:57] [INFO] [welcome-1] GET:static/main.css done in 7 millis
[2012/05/11 09:44:12] [INFO] [welcome-2] GET:static/css/images/css/header_bg.jpg done in 3 millis
[2012/05/11 09:44:14] [INFO] [welcome-2] GET:static/css/images/css/header_bg.jpg done in 3 millis
[2012/05/11 09:44:27] [INFO] [welcome-2] GET:images/css/header_bg.jpg done in 2 millis
[2012/05/11 09:44:29] [INFO] [welcome-2] GET:images/css/header_bg.jpg done in 2 millis
[2012/05/11 09:44:34] [INFO] [welcome-2] GET:images/css/header_bg.jpg done in 2 millis
[2012/05/11 09:44:54] [INFO] [welcome-2] GET:static/css/style/static/images/header_bg.jpg done in 2 millis
[2012/05/11 09:44:57] [INFO] [welcome-2] GET:static/css/style/static/images/header_bg.jpg done in 2 millis
[2012/05/11 09:46:52] [INFO] [welcome-2] GET:static/css/style/static/images/header_bg.jpg done in 2 millis
[2012/05/11 09:46:54] [INFO] [welcome-2] GET:static/css/style/static/images/header_bg.jpg done in 3 millis
[2012/05/11 09:46:54] [INFO] [welcome-2] GET:static/css/style/static/images/header_bg.jpg done in 3 millis
[2012/05/11 10:12:40] [INFO] [welcome-3] GET:static/main.css done in 2 millis
[2012/05/11 10:12:40] [INFO] [welcome-2] GET:static/jQuery/jquery.js done in 2 millis
[2012/05/11 11:57:20] [INFO] [welcome-4] GET:static/jQuery/jquery.js done in 119 millis
[2012/05/11 11:57:20] [INFO] [welcome-3] GET:static/main.css done in 119 millis
[2012/05/11 13:58:20] [INFO] [welcome-5] GET:static/jQuery/jquery.js done in 23 millis
[2012/05/11 13:58:20] [INFO] [welcome-4] GET:static/main.css done in 23 millis
[2012/05/11 13:58:28] [INFO] [welcome-5] GET:static/main.css done in 2 millis
[2012/05/11 13:58:28] [INFO] [welcome-4] GET:static/jQuery/jquery.js done in 2 millis
[2012/05/11 13:59:01] [INFO] [welcome-5] GET:static/jQuery/jquery.js done in 2 millis
[2012/05/11 13:59:01] [INFO] [welcome-4] GET:static/main.css done in 2 millis
[2012/05/11 13:59:06] [INFO] [welcome-5] GET:static/jQuery/jquery.js done in 2 millis
[2012/05/11 13:59:06] [INFO] [welcome-4] GET:static/main.css done in 2 millis
[2012/05/11 14:01:02] [INFO] [welcome-4] GET:static/main.css done in 2 millis
[2012/05/11 14:01:02] [INFO] [welcome-5] GET:static/jQuery/jquery.js done in 3 millis
[2012/05/11 14:01:35] [INFO] [welcome-5] GET:static/main.css done in 1 millis
[2012/05/11 14:01:35] [INFO] [welcome-4] GET:static/jQuery/jquery.js done in 1 millis
[2012/05/11 14:01:42] [INFO] [welcome-4] GET:static/jQuery/jquery.js done in 2 millis
[2012/05/11 14:01:42] [INFO] [welcome-5] GET:static/main.css done in 2 millis
[2012/05/11 14:02:55] [INFO] [welcome-5] GET:static/main.css done in 1 millis
[2012/05/11 14:02:55] [INFO] [welcome-4] GET:static/jQuery/jquery.js done in 1 millis
[2012/05/11 14:04:42] [INFO] [welcome-4] GET:static/main.css done in 15 millis
[2012/05/11 14:04:42] [INFO] [welcome-5] GET:static/jQuery/jquery.js done in 15 millis
[2012/05/11 14:05:30] [INFO] [welcome-5] GET:static/jQuery/jquery.js done in 2 millis
[2012/05/11 14:06:21] [INFO] [welcome-5] GET:static/jQuery/jquery.js done in 1 millis
[2012/05/11 14:06:24] [INFO] [welcome-5] GET:static/jQuery/jquery.js done in 2 millis
[2012/05/11 14:06:32] [INFO] [welcome-5] GET:static/jQuery/jquery.js done in 2 millis
[2012/05/11 14:07:05] [INFO] [welcome-5] GET:static/jQuery/jquery.js done in 1 millis
[2012/05/11 14:07:15] [INFO] [welcome-5] GET:static/jQuery/jquery.js done in 1 millis
[2012/05/11 14:07:33] [INFO] [welcome-5] GET:static/jQuery/jquery.js done in 2 millis
[2012/05/11 14:08:13] [INFO] [welcome-5] GET:static/jQuery/jquery.js done in 2 millis
[2012/05/11 14:08:16] [INFO] [welcome-5] GET:static/jQuery/jquery.js done in 2 millis
[2012/05/11 14:08:43] [INFO] [welcome-5] GET:static/jQuery/jquery.js done in 2 millis
[2012/05/11 14:09:10] [INFO] [welcome-5] GET:static/main.css done in 8 millis
[2012/05/11 14:09:10] [INFO] [welcome-4] GET:static/jQuery/jquery.js done in 6 millis
[2012/05/11 14:09:51] [INFO] [welcome-4] GET:static/main.css done in 19 millis
[2012/05/11 14:09:51] [INFO] [welcome-5] GET:static/jQuery/jquery.js done in 19 millis
[2012/05/11 14:11:39] [INFO] [welcome-5] GET:static/jQuery/jquery.js done in 1 millis
[2012/05/11 14:12:30] [INFO] [welcome-5] GET:static/jQuery/jquery.js done in 2 millis
[2012/05/11 14:12:52] [INFO] [welcome-5] GET:static/jQuery/jquery.js done in 1 millis
[2012/05/11 14:13:20] [INFO] [welcome-5] GET:static/jQuery/jquery.js done in 1 millis
[2012/05/11 14:13:41] [INFO] [welcome-5] GET:static/jQuery/jquery.js done in 2 millis
[2012/05/11 14:14:55] [INFO] [welcome-5] GET:static/jQuery/jquery.js done in 16 millis
[2012/05/11 14:15:08] [INFO] [welcome-5] GET:static/jQuery/jquery.js done in 1 millis
[2012/05/11 14:15:45] [INFO] [welcome-5] GET:static/jQuery/jquery.js done in 1 millis
[2012/05/11 14:16:27] [INFO] [welcome-5] GET:static/jQuery/jquery.js done in 2 millis
[2012/05/11 14:17:03] [INFO] [welcome-5] GET:static/jQuery/jquery.js done in 2 millis
[2012/05/11 14:17:13] [INFO] [welcome-5] GET:static/jQuery/jquery.js done in 2 millis
[2012/05/11 14:17:22] [INFO] [welcome-5] GET:static/jQuery/jquery.js done in 2 millis
[2012/05/11 14:17:24] [INFO] [welcome-5] GET:static/jQuery/jquery.js done in 2 millis
[2012/05/11 14:17:30] [INFO] [welcome-5] GET:static/jQuery/jquery.js done in 2 millis
[2012/05/11 14:17:30] [INFO] [welcome-5] GET:static/jQuery/jquery.js done in 2 millis
[2012/05/11 14:17:37] [INFO] [welcome-5] GET:static/jQuery/jquery.js done in 2 millis
[2012/05/11 14:17:39] [INFO] [welcome-5] GET:static/jQuery/jquery.js done in 2 millis
[2012/05/11 14:17:44] [INFO] [welcome-5] GET:static/jQuery/jquery.js done in 1 millis
[2012/05/11 14:17:55] [INFO] [welcome-5] GET:static/jQuery/jquery.js done in 2 millis
[2012/05/11 14:18:05] [INFO] [welcome-5] GET:static/jQuery/jquery.js done in 2 millis
[2012/05/11 14:18:11] [INFO] [welcome-5] GET:static/jQuery/jquery.js done in 1 millis
[2012/05/11 14:19:07] [INFO] [welcome-5] GET:static/jQuery/jquery.js done in 1 millis
[2012/05/11 14:19:45] [INFO] [welcome-5] GET:static/jQuery/jquery.js done in 1 millis
[2012/05/11 14:20:24] [INFO] [welcome-5] GET:static/jQuery/jquery.js done in 2 millis
[2012/05/11 14:20:37] [INFO] [welcome-5] GET:static/jQuery/jquery.js done in 2 millis
[2012/05/11 14:20:44] [INFO] [welcome-5] GET:static/jQuery/jquery.js done in 2 millis
[2012/05/11 14:21:47] [INFO] [welcome-5] GET:static/jQuery/jquery.js done in 2 millis
[2012/05/11 14:23:05] [INFO] [welcome-5] GET:static/jQuery/jquery.js done in 2 millis
[2012/05/11 14:24:06] [INFO] [welcome-5] GET:static/jQuery/jquery.js done in 1 millis
[2012/05/11 14:24:37] [INFO] [welcome-5] GET:static/jQuery/jquery.js done in 2 millis
[2012/05/11 14:39:03] [INFO] [welcome-6] GET:static/jQuery/jquery.js done in 74 millis
[2012/05/11 14:40:18] [INFO] [welcome-6] GET:static/jQuery/jquery.js done in 2 millis
[2012/05/11 14:41:07] [INFO] [welcome-6] GET:static/jQuery/jquery.js done in 2 millis
[2012/05/11 14:41:19] [INFO] [welcome-6] GET:static/jQuery/jquery.js done in 2 millis
[2012/05/11 14:42:17] [INFO] [welcome-6] GET:static/jQuery/jquery.js done in 1 millis
[2012/05/11 14:42:36] [INFO] [welcome-6] GET:static/jQuery/jquery.js done in 34 millis
[2012/05/11 14:43:51] [INFO] [welcome-6] GET:static/jQuery/jquery.js done in 1 millis
[2012/05/11 14:44:06] [INFO] [welcome-6] GET:static/jQuery/jquery.js done in 18 millis
[2012/05/11 14:44:56] [INFO] [welcome-6] GET:static/jQuery/jquery.js done in 2 millis
[2012/05/11 14:45:56] [INFO] [welcome-6] GET:static/jQuery/jquery.js done in 2 millis
[2012/05/11 14:46:28] [INFO] [welcome-6] GET:static/jQuery/jquery.js done in 2 millis
[2012/05/11 14:47:04] [INFO] [welcome-6] GET:static/main.css done in 2 millis
[2012/05/11 14:47:04] [INFO] [welcome-5] GET:static/jQuery/jquery.js done in 92 millis
[2012/05/11 14:47:20] [INFO] [welcome-5] GET:static/jQuery/jquery.js done in 2 millis
[2012/05/11 14:47:55] [INFO] [welcome-5] GET:static/jQuery/jquery.js done in 2 millis
[2012/05/11 14:48:38] [INFO] [welcome-5] GET:static/jQuery/jquery.js done in 2 millis
[2012/05/11 14:48:52] [INFO] [welcome-5] GET:static/jQuery/jquery.js done in 1 millis
[2012/05/11 14:49:10] [INFO] [welcome-5] GET:static/jQuery/jquery.js done in 24 millis
[2012/05/11 14:49:50] [INFO] [welcome-5] GET:static/jQuery/jquery.js done in 1 millis
[2012/05/11 14:50:30] [INFO] [welcome-5] GET:static/jQuery/jquery.js done in 1 millis
[2012/05/11 14:50:47] [INFO] [welcome-5] GET:static/jQuery/jquery.js done in 1 millis
[2012/05/11 14:52:23] [INFO] [welcome-5] GET:static/jQuery/jquery.js done in 2 millis
[2012/05/11 14:52:39] [INFO] [welcome-5] GET:static/jQuery/jquery.js done in 2 millis
[2012/05/11 14:53:07] [INFO] [welcome-5] GET:static/jQuery/jquery.js done in 2 millis
[2012/05/11 14:53:39] [INFO] [welcome-5] GET:static/jQuery/jquery.js done in 38 millis
[2012/05/11 14:53:55] [INFO] [welcome-5] GET:static/jQuery/jquery.js done in 1 millis
[2012/05/11 14:54:28] [INFO] [welcome-5] GET:static/jQuery/jquery.js done in 58 millis
[2012/05/11 14:54:40] [INFO] [welcome-5] GET:static/jQuery/jquery.js done in 2 millis
[2012/05/11 14:55:09] [INFO] [welcome-5] GET:static/jQuery/jquery.js done in 1 millis
[2012/05/11 14:55:44] [INFO] [welcome-5] GET:static/jQuery/jquery.js done in 2 millis
[2012/05/11 14:56:45] [INFO] [welcome-5] GET:static/jQuery/jquery.js done in 2 millis
[2012/05/11 14:57:23] [INFO] [welcome-5] GET:static/jQuery/jquery.js done in 2 millis
[2012/05/11 14:57:34] [INFO] [welcome-5] GET:static/jQuery/jquery.js done in 2 millis
[2012/05/11 14:57:55] [INFO] [welcome-5] GET:static/jQuery/jquery.js done in 2 millis
[2012/05/11 14:58:11] [INFO] [welcome-5] GET:static/jQuery/jquery.js done in 1 millis
[2012/05/11 14:58:46] [INFO] [welcome-5] GET:static/jQuery/jquery.js done in 1 millis
[2012/05/11 14:58:59] [INFO] [welcome-5] GET:static/jQuery/jquery.js done in 22 millis
[2012/05/11 14:59:09] [INFO] [welcome-5] GET:static/jQuery/jquery.js done in 2 millis
[2012/05/11 14:59:24] [INFO] [welcome-5] GET:static/jQuery/jquery.js done in 1 millis
[2012/05/11 14:59:45] [INFO] [welcome-5] GET:static/jQuery/jquery.js done in 25 millis
[2012/05/11 14:59:52] [INFO] [welcome-5] GET:static/jQuery/jquery.js done in 1 millis
[2012/05/11 14:59:59] [INFO] [welcome-5] GET:static/jQuery/jquery.js done in 2 millis
[2012/05/11 15:00:12] [INFO] [welcome-5] GET:static/jQuery/jquery.js done in 2 millis
[2012/05/11 15:00:19] [INFO] [welcome-5] GET:static/jQuery/jquery.js done in 2 millis
[2012/05/11 15:00:27] [INFO] [welcome-5] GET:static/jQuery/jquery.js done in 1 millis
[2012/05/11 15:01:09] [INFO] [welcome-5] GET:static/jQuery/jquery.js done in 1 millis
[2012/05/11 15:01:26] [INFO] [welcome-5] GET:static/jQuery/jquery.js done in 1 millis
[2012/05/11 15:01:52] [INFO] [welcome-5] GET:static/jQuery/jquery.js done in 1 millis
[2012/05/11 15:02:04] [INFO] [welcome-5] GET:static/jQuery/jquery.js done in 2 millis
[2012/05/11 15:05:43] [INFO] [welcome-5] GET:static/jQuery/jquery.js done in 223 millis
[2012/05/11 15:08:06] [INFO] [welcome-5] GET:static/jQuery/jquery.js done in 16 millis
[2012/05/11 15:08:26] [INFO] [welcome-5] GET:static/jQuery/jquery.js done in 16 millis
[2012/05/11 15:08:36] [INFO] [welcome-5] GET:static/jQuery/jquery.js done in 1 millis
[2012/05/11 15:08:46] [INFO] [welcome-5] GET:static/jQuery/jquery.js done in 2 millis
[2012/05/11 15:08:52] [INFO] [welcome-5] GET:static/jQuery/jquery.js done in 1 millis
[2012/05/11 15:08:59] [INFO] [welcome-5] GET:static/jQuery/jquery.js done in 2 millis
[2012/05/11 15:09:35] [INFO] [welcome-5] GET:static/jQuery/jquery.js done in 1 millis
[2012/05/11 15:09:46] [INFO] [welcome-5] GET:static/jQuery/jquery.js done in 2 millis
[2012/05/11 15:10:05] [INFO] [welcome-5] GET:static/jQuery/jquery.js done in 2 millis
[2012/05/11 15:10:27] [INFO] [welcome-5] GET:static/jQuery/jquery.js done in 2 millis
[2012/05/11 15:10:52] [INFO] [welcome-5] GET:static/jQuery/jquery.js done in 35 millis
[2012/05/11 15:11:13] [INFO] [welcome-5] GET:static/jQuery/jquery.js done in 2 millis
[2012/05/11 15:11:32] [INFO] [welcome-5] GET:static/jQuery/jquery.js done in 2 millis
[2012/05/11 15:11:45] [INFO] [welcome-5] GET:static/jQuery/jquery.js done in 1 millis
[2012/05/11 15:11:55] [INFO] [welcome-5] GET:static/jQuery/jquery.js done in 2 millis
[2012/05/11 15:12:10] [INFO] [welcome-5] GET:static/jQuery/jquery.js done in 2 millis
[2012/05/11 15:12:18] [INFO] [welcome-5] GET:static/jQuery/jquery.js done in 2 millis
[2012/05/11 15:14:35] [INFO] [welcome-5] GET:static/jQuery/jquery.js done in 1 millis
[2012/05/11 15:14:57] [INFO] [welcome-5] GET:static/jQuery/jquery.js done in 2 millis
[2012/05/11 15:15:14] [INFO] [welcome-5] GET:static/jQuery/jquery.js done in 2 millis
[2012/05/11 15:15:23] [INFO] [welcome-5] GET:static/jQuery/jquery.js done in 2 millis
[2012/05/11 15:15:29] [INFO] [welcome-5] GET:static/jQuery/jquery.js done in 1 millis
[2012/05/11 15:15:51] [INFO] [welcome-5] GET:static/jQuery/jquery.js done in 1 millis
[2012/05/11 15:15:52] [INFO] [welcome-5] GET:static/jQuery/jquery.js done in 42 millis
[2012/05/11 15:16:21] [INFO] [welcome-5] GET:static/jQuery/jquery.js done in 1 millis
[2012/05/11 15:16:51] [INFO] [welcome-5] GET:static/jQuery/jquery.js done in 1 millis
[2012/05/11 15:17:21] [INFO] [welcome-5] GET:static/jQuery/jquery.js done in 37 millis
[2012/05/11 15:18:27] [INFO] [welcome-5] GET:static/jQuery/jquery.js done in 24 millis
[2012/05/11 15:19:03] [INFO] [welcome-5] GET:favicon.ico done in 34 millis
[2012/05/11 15:19:22] [INFO] [welcome-5] GET:static/jQuery/jquery.js done in 1 millis
[2012/05/11 15:19:22] [INFO] [welcome-5] GET:favicon.ico done in 1 millis
[2012/05/11 15:19:32] [INFO] [welcome-5] GET:favicon.ico done in 2 millis
[2012/05/11 15:20:24] [INFO] [welcome-5] GET:static/jQuery/jquery.js done in 2 millis
[2012/05/11 15:20:24] [INFO] [welcome-5] GET:favicon.ico done in 2 millis
[2012/05/11 15:20:27] [INFO] [welcome-5] GET:static/jQuery/jquery.js done in 3 millis
[2012/05/11 15:20:27] [INFO] [welcome-5] GET:favicon.ico done in 1 millis
[2012/05/11 15:20:54] [INFO] [welcome-5] GET:static/jQuery/jquery.js done in 39 millis
[2012/05/11 15:20:54] [INFO] [welcome-5] GET:favicon.ico done in 1 millis
[2012/05/11 15:21:02] [INFO] [welcome-5] GET:favicon.ico done in 2 millis
[2012/05/11 15:21:03] [INFO] [welcome-5] GET:static/jQuery/jquery.js done in 2 millis
[2012/05/11 15:21:03] [INFO] [welcome-5] GET:favicon.ico done in 2 millis
[2012/05/11 15:21:24] [INFO] [welcome-5] GET:static/jQuery/jquery.js done in 1 millis
[2012/05/11 15:21:38] [INFO] [welcome-5] GET:favicon.ico done in 1 millis
[2012/05/11 15:21:58] [INFO] [welcome-5] GET:static/jQuery/jquery.js done in 1 millis
[2012/05/11 15:21:58] [INFO] [welcome-5] GET:favicon.ico done in 2 millis
[2012/05/11 15:22:55] [INFO] [welcome-5] GET:static/jQuery/jquery.js done in 1 millis
[2012/05/11 15:23:13] [INFO] [welcome-5] GET:static/main.css done in 2 millis
[2012/05/11 15:23:13] [INFO] [welcome-5] GET:static/jQuery/jquery.js done in 1 millis
[2012/05/11 15:23:33] [INFO] [welcome-5] GET:static/jQuery/jquery.js done in 2 millis
[2012/05/11 15:23:33] [INFO] [welcome-7] GET:static/main.css done in 2 millis
[2012/05/11 15:23:52] [INFO] [welcome-7] GET:static/jQuery/jquery.js done in 2 millis
[2012/05/11 15:24:47] [INFO] [welcome-7] GET:static/jQuery/jquery.js done in 1 millis
[2012/05/11 15:25:04] [INFO] [welcome-7] GET:static/jQuery/jquery.js done in 1 millis
[2012/05/11 15:25:26] [INFO] [welcome-7] GET:static/jQuery/jquery.js done in 1 millis
[2012/05/11 15:26:38] [INFO] [welcome-7] GET:static/jQuery/jquery.js done in 23 millis
[2012/05/11 15:26:43] [INFO] [welcome-7] GET:static/main.css done in 1 millis
[2012/05/11 15:26:43] [INFO] [welcome-5] GET:static/jQuery/jquery.js done in 1 millis
