[2011/12/29 09:18:59] [INFO] [addressbook-init] Using session manager class helma.framework.core.SessionManager
[2011/12/29 09:18:59] [INFO] [Thread-3] Starting engine 1 for addressbook
[2011/12/29 09:18:59] [INFO] [addressbook-1] Function onStart not defined in global scope
[2011/12/29 09:59:38] [INFO] [addressbook-2] Function onStop not defined in global scope
[2011/12/29 09:59:38] [INFO] [addressbook-worker] Scheduler for addressbook exiting
[2011/12/29 09:59:39] [INFO] [addressbook-init] Using session manager class helma.framework.core.SessionManager
[2011/12/29 09:59:39] [INFO] [Thread-3] Starting engine 1 for addressbook
[2011/12/29 09:59:39] [INFO] [addressbook-1] Function onStart not defined in global scope
[2011/12/29 10:00:13] [INFO] [addressbook-1] Function onStop not defined in global scope
[2011/12/29 10:00:13] [INFO] [addressbook-worker] Scheduler for addressbook exiting
[2011/12/29 10:00:14] [INFO] [addressbook-init] Using session manager class helma.framework.core.SessionManager
[2011/12/29 10:00:14] [INFO] [Thread-3] Starting engine 1 for addressbook
[2011/12/29 10:00:14] [INFO] [addressbook-1] Function onStart not defined in global scope
[2011/12/29 10:09:37] [INFO] [addressbook-1] Function onStop not defined in global scope
[2011/12/29 10:09:37] [INFO] [addressbook-worker] Scheduler for addressbook exiting
[2011/12/29 10:09:38] [INFO] [addressbook-init] Using session manager class helma.framework.core.SessionManager
[2011/12/29 10:09:38] [INFO] [Thread-3] Starting engine 1 for addressbook
[2011/12/29 10:09:38] [INFO] [addressbook-1] Function onStart not defined in global scope
[2011/12/29 10:15:33] [INFO] [addressbook-1] Function onStop not defined in global scope
[2011/12/29 10:15:33] [INFO] [addressbook-worker] Scheduler for addressbook exiting
[2011/12/29 10:15:34] [INFO] [addressbook-init] Using session manager class helma.framework.core.SessionManager
[2011/12/29 10:15:34] [INFO] [Thread-3] Starting engine 1 for addressbook
[2011/12/29 10:15:34] [INFO] [addressbook-1] Function onStart not defined in global scope
[2011/12/29 10:16:12] [INFO] [addressbook-1] Function onStop not defined in global scope
[2011/12/29 10:16:12] [INFO] [addressbook-worker] Scheduler for addressbook exiting
[2011/12/29 10:17:15] [INFO] [addressbook-init] Using session manager class helma.framework.core.SessionManager
[2011/12/29 10:17:15] [INFO] [Thread-3] Starting engine 1 for addressbook
[2011/12/29 10:17:15] [INFO] [addressbook-1] Function onStart not defined in global scope
[2011/12/29 10:26:25] [INFO] [addressbook-1] Function onStop not defined in global scope
[2011/12/29 10:26:25] [INFO] [addressbook-worker] Scheduler for addressbook exiting
[2011/12/29 10:26:26] [INFO] [addressbook-init] Using session manager class helma.framework.core.SessionManager
[2011/12/29 10:26:26] [INFO] [Thread-3] Starting engine 1 for addressbook
[2011/12/29 10:26:26] [INFO] [addressbook-1] Function onStart not defined in global scope
[2011/12/29 10:27:55] [INFO] [addressbook-1] Function onStop not defined in global scope
[2011/12/29 10:27:55] [INFO] [addressbook-worker] Scheduler for addressbook exiting
[2011/12/29 10:27:55] [INFO] [addressbook-init] Using session manager class helma.framework.core.SessionManager
[2011/12/29 10:27:55] [INFO] [Thread-3] Starting engine 1 for addressbook
[2011/12/29 10:27:55] [INFO] [addressbook-1] Function onStart not defined in global scope
[2011/12/29 11:08:48] [INFO] [addressbook-2] Function onStop not defined in global scope
[2011/12/29 11:08:48] [INFO] [addressbook-worker] Scheduler for addressbook exiting
[2011/12/29 11:08:50] [INFO] [addressbook-init] Using session manager class helma.framework.core.SessionManager
[2011/12/29 11:08:50] [INFO] [Thread-3] Starting engine 1 for addressbook
[2011/12/29 11:08:50] [INFO] [addressbook-1] Function onStart not defined in global scope
[2011/12/29 11:15:03] [INFO] [addressbook-1] Function onStop not defined in global scope
[2011/12/29 11:15:03] [INFO] [addressbook-worker] Scheduler for addressbook exiting
[2011/12/29 11:15:04] [INFO] [addressbook-init] Using session manager class helma.framework.core.SessionManager
[2011/12/29 11:15:04] [INFO] [Thread-3] Starting engine 1 for addressbook
[2011/12/29 11:15:04] [INFO] [addressbook-1] Function onStart not defined in global scope
[2011/12/29 11:28:10] [INFO] [addressbook-2] Function onStop not defined in global scope
[2011/12/29 11:28:10] [INFO] [addressbook-worker] Scheduler for addressbook exiting
[2011/12/29 11:28:11] [INFO] [addressbook-init] Using session manager class helma.framework.core.SessionManager
[2011/12/29 11:28:11] [INFO] [Thread-3] Starting engine 1 for addressbook
[2011/12/29 11:28:11] [INFO] [addressbook-1] Function onStart not defined in global scope
[2011/12/29 11:33:47] [INFO] [addressbook-1] Function onStop not defined in global scope
[2011/12/29 11:33:47] [INFO] [addressbook-worker] Scheduler for addressbook exiting
[2011/12/29 11:33:48] [INFO] [addressbook-init] Using session manager class helma.framework.core.SessionManager
[2011/12/29 11:33:48] [INFO] [Thread-3] Starting engine 1 for addressbook
[2011/12/29 11:33:48] [INFO] [addressbook-1] Function onStart not defined in global scope
[2011/12/29 11:37:58] [INFO] [addressbook-1] Function onStop not defined in global scope
[2011/12/29 11:37:58] [INFO] [addressbook-worker] Scheduler for addressbook exiting
[2011/12/29 11:37:59] [INFO] [addressbook-init] Using session manager class helma.framework.core.SessionManager
[2011/12/29 11:37:59] [INFO] [Thread-3] Starting engine 1 for addressbook
[2011/12/29 11:37:59] [INFO] [addressbook-1] Function onStart not defined in global scope
