[2012/01/28 09:54:55] [INFO] [Thread-4] Stopping application addressbook
[2012/01/28 09:54:55] [INFO] [Thread-4] Unbinding application addressbook
[2012/01/28 09:54:55] [INFO] [Thread-4] Stopped application addressbook
[2012/01/28 09:54:55] [INFO] [Thread-4] Stopping application manage
[2012/01/28 09:54:55] [INFO] [Thread-4] Unbinding application manage
[2012/01/28 09:54:55] [INFO] [Thread-4] Stopped application manage
[2012/01/28 09:54:55] [INFO] [Thread-4] Stopping application migo
[2012/01/28 09:54:55] [INFO] [Thread-4] Unbinding application migo
[2012/01/28 09:54:55] [INFO] [Thread-4] Stopped application migo
[2012/01/28 09:54:55] [INFO] [Thread-4] Stopping application welcome
[2012/01/28 09:54:55] [INFO] [Thread-4] Unbinding application welcome
[2012/01/28 09:54:55] [INFO] [Thread-4] Stopped application welcome
[2012/01/28 09:54:55] [INFO] [Thread-4] Shutting down Helma
[2012/01/28 09:54:56] [INFO] [main] Starting Helma 1.7.0 (February 5 2010) on Java 1.6.0_29
[2012/01/28 09:54:56] [INFO] [main] Setting Helma Home to /Users/danielbrandstetter/Desktop/Migo
[2012/01/28 09:54:56] [INFO] [Thread-3] Building application welcome
[2012/01/28 09:54:56] [INFO] [Thread-3] Building application manage
[2012/01/28 09:54:56] [INFO] [Thread-3] Building application migo
[2012/01/28 09:54:56] [INFO] [Thread-3] Building application addressbook
[2012/01/28 09:54:56] [INFO] [Thread-3] Binding application addressbook :: 1228197450 :: 327794742
[2012/01/28 09:54:56] [INFO] [Thread-3] Binding application manage :: 597295774 :: 1200505639
[2012/01/28 09:54:56] [INFO] [Thread-3] Binding application migo :: 88119371 :: 666157527
[2012/01/28 09:54:56] [INFO] [Thread-3] Serving static from /Users/danielbrandstetter/Desktop/Migo/apps/migo/static
[2012/01/28 09:54:56] [INFO] [Thread-3] Mounting static at /static
[2012/01/28 09:54:56] [INFO] [Thread-3] Binding application welcome :: 797130442 :: 1384077551
[2012/01/28 09:54:56] [INFO] [Thread-3] Serving static from /Users/danielbrandstetter/Desktop/Migo/apps/welcome/static
[2012/01/28 09:54:56] [INFO] [Thread-3] Mounting static at /static
[2012/01/28 09:56:08] [INFO] [Thread-4] Stopping application addressbook
[2012/01/28 09:56:08] [INFO] [Thread-4] Unbinding application addressbook
[2012/01/28 09:56:08] [INFO] [Thread-4] Stopped application addressbook
[2012/01/28 09:56:08] [INFO] [Thread-4] Stopping application manage
[2012/01/28 09:56:08] [INFO] [Thread-4] Unbinding application manage
[2012/01/28 09:56:08] [INFO] [Thread-4] Stopped application manage
[2012/01/28 09:56:08] [INFO] [Thread-4] Stopping application migo
[2012/01/28 09:56:08] [INFO] [Thread-4] Unbinding application migo
[2012/01/28 09:56:08] [INFO] [Thread-4] Stopped application migo
[2012/01/28 09:56:08] [INFO] [Thread-4] Stopping application welcome
[2012/01/28 09:56:08] [INFO] [Thread-4] Unbinding application welcome
[2012/01/28 09:56:08] [INFO] [Thread-4] Stopped application welcome
[2012/01/28 09:56:08] [INFO] [Thread-4] Shutting down Helma
[2012/01/28 09:58:12] [INFO] [main] Starting Helma 1.7.0 (February 5 2010) on Java 1.6.0_29
[2012/01/28 09:58:12] [INFO] [main] Setting Helma Home to /Users/danielbrandstetter/Desktop/Migo
[2012/01/28 09:58:12] [INFO] [Thread-3] Building application welcome
[2012/01/28 09:58:15] [INFO] [Thread-3] Building application manage
[2012/01/28 09:58:15] [INFO] [Thread-3] Building application migo
[2012/01/28 09:58:16] [INFO] [Thread-3] Building application addressbook
[2012/01/28 09:58:16] [INFO] [Thread-3] Binding application addressbook :: 1274367071 :: 181720683
[2012/01/28 09:58:17] [INFO] [Thread-3] Binding application manage :: 1804005959 :: 122130810
[2012/01/28 09:58:17] [INFO] [Thread-3] Binding application migo :: 1864311781 :: 1036158690
[2012/01/28 09:58:17] [INFO] [Thread-3] Serving static from /Users/danielbrandstetter/Desktop/Migo/apps/migo/static
[2012/01/28 09:58:17] [INFO] [Thread-3] Mounting static at /static
[2012/01/28 09:58:17] [INFO] [Thread-3] Binding application welcome :: 1640499969 :: 566723525
[2012/01/28 09:58:17] [INFO] [Thread-3] Serving static from /Users/danielbrandstetter/Desktop/Migo/apps/welcome/static
[2012/01/28 09:58:17] [INFO] [Thread-3] Mounting static at /static
[2012/01/28 09:59:57] [INFO] [Thread-4] Stopping application addressbook
[2012/01/28 09:59:57] [INFO] [Thread-4] Unbinding application addressbook
[2012/01/28 09:59:57] [INFO] [Thread-4] Stopped application addressbook
[2012/01/28 09:59:57] [INFO] [Thread-4] Stopping application manage
[2012/01/28 09:59:57] [INFO] [Thread-4] Unbinding application manage
[2012/01/28 09:59:57] [INFO] [Thread-4] Stopped application manage
[2012/01/28 09:59:57] [INFO] [Thread-4] Stopping application migo
[2012/01/28 09:59:57] [INFO] [Thread-4] Unbinding application migo
[2012/01/28 09:59:57] [INFO] [Thread-4] Stopped application migo
[2012/01/28 09:59:57] [INFO] [Thread-4] Stopping application welcome
[2012/01/28 09:59:57] [INFO] [Thread-4] Unbinding application welcome
[2012/01/28 09:59:57] [INFO] [Thread-4] Stopped application welcome
[2012/01/28 09:59:57] [INFO] [Thread-4] Shutting down Helma
[2012/01/28 09:59:58] [INFO] [main] Starting Helma 1.7.0 (February 5 2010) on Java 1.6.0_29
[2012/01/28 09:59:58] [INFO] [main] Setting Helma Home to /Users/danielbrandstetter/Desktop/Migo
[2012/01/28 09:59:58] [INFO] [Thread-3] Building application welcome
[2012/01/28 09:59:58] [INFO] [Thread-3] Building application manage
[2012/01/28 09:59:58] [INFO] [Thread-3] Building application migo
[2012/01/28 09:59:58] [INFO] [Thread-3] Building application addressbook
[2012/01/28 09:59:58] [INFO] [Thread-3] Binding application addressbook :: 1336205011 :: 1010485566
[2012/01/28 09:59:59] [INFO] [Thread-3] Binding application manage :: 64212394 :: 1567531625
[2012/01/28 09:59:59] [INFO] [Thread-3] Binding application migo :: 2136875125 :: 107549047
[2012/01/28 09:59:59] [INFO] [Thread-3] Serving static from /Users/danielbrandstetter/Desktop/Migo/apps/migo/static
[2012/01/28 09:59:59] [INFO] [Thread-3] Mounting static at /static
[2012/01/28 09:59:59] [INFO] [Thread-3] Binding application welcome :: 340435150 :: 2028231518
[2012/01/28 09:59:59] [INFO] [Thread-3] Serving static from /Users/danielbrandstetter/Desktop/Migo/apps/welcome/static
[2012/01/28 09:59:59] [INFO] [Thread-3] Mounting static at /static
[2012/01/28 11:12:27] [INFO] [Thread-4] Stopping application addressbook
[2012/01/28 11:12:27] [INFO] [Thread-4] Unbinding application addressbook
[2012/01/28 11:12:27] [INFO] [Thread-4] Stopped application addressbook
[2012/01/28 11:12:27] [INFO] [Thread-4] Stopping application manage
[2012/01/28 11:12:27] [INFO] [Thread-4] Unbinding application manage
[2012/01/28 11:12:27] [INFO] [Thread-4] Stopped application manage
[2012/01/28 11:12:27] [INFO] [Thread-4] Stopping application migo
[2012/01/28 11:12:27] [INFO] [Thread-4] Unbinding application migo
[2012/01/28 11:12:27] [INFO] [Thread-4] Stopped application migo
[2012/01/28 11:12:27] [INFO] [Thread-4] Stopping application welcome
[2012/01/28 11:12:27] [INFO] [Thread-4] Unbinding application welcome
[2012/01/28 11:12:27] [INFO] [Thread-4] Stopped application welcome
[2012/01/28 11:12:27] [INFO] [Thread-4] Shutting down Helma
